<?xml version="1.0" encoding="UTF-8"?>
<!-- Generated by org.testng.reporters.JUnitReportReporter -->
<testsuite hostname="LAPTOP-QL97TO1A" failures="0" tests="7" name="homework.ch11_13.PersonTest" time="0.008" errors="0" timestamp="17 4月 2025 09:28:01 GMT" skipped="0">
  <testcase classname="homework.ch11_13.PersonTest" name="testGetAge" time="0.000"/>
  <testcase classname="homework.ch11_13.PersonTest" name="testGetName" time="0.004"/>
  <testcase classname="homework.ch11_13.PersonTest" name="testSetAge" time="0.000"/>
  <testcase classname="homework.ch11_13.PersonTest" name="testTestToString" time="0.004"/>
  <testcase classname="homework.ch11_13.PersonTest" name="testTestClone" time="0.000"/>
  <testcase classname="homework.ch11_13.PersonTest" name="testSetName" time="0.000"/>
  <testcase classname="homework.ch11_13.PersonTest" name="testTestEquals" time="0.000"/>
</testsuite> <!-- homework.ch11_13.PersonTest -->
